生成启动时间为 2018/7/9 0:17:06。
     1>项目“H:\Project\Win\C++\ImageSigner\ImageSigner\ImageSigner\ImageSigner.vcxproj”在节点 2 上(build 个目标)。
     1>InitializeBuildStatus:
         正在创建“Debug\ImageSigner.unsuccessfulbuild”，因为已指定“AlwaysCreate”。
       CustomBuild:
         所有输出均为最新。
       ClCompile:
         f:\Program Files (x86)\Microsoft Visual Studio 10.0\VC\bin\CL.exe /c /I.\GeneratedFiles /I. /IF:\Qt\4.8.6\include /I.\GeneratedFiles\Debug /IF:\Qt\4.8.6\include\QtCore /IF:\Qt\4.8.6\include\QtGui /Zi /nologo /W1 /WX- /Od /Oy- /D UNICODE /D WIN32 /D QT_DLL /D QT_CORE_LIB /D QT_GUI_LIB /Gm- /EHsc /MDd /GS /fp:precise /Zc:wchar_t- /Zc:forScope /Fo"Debug\\" /Fd"Debug\vc100.pdb" /Gd /TP /analyze- /errorReport:prompt imagesigner.cpp
         imagesigner.cpp
         所有输出均为最新。
       Link:
         f:\Program Files (x86)\Microsoft Visual Studio 10.0\VC\bin\link.exe /ERRORREPORT:PROMPT /OUT:"H:\Project\Win\C++\ImageSigner\ImageSigner\Win32\Debug\\ImageSigner.exe" /NOLOGO /LIBPATH:F:\Qt\4.8.6\lib qtmaind.lib QtCored4.lib QtGuid4.lib kernel32.lib user32.lib gdi32.lib winspool.lib comdlg32.lib advapi32.lib shell32.lib ole32.lib oleaut32.lib uuid.lib odbc32.lib odbccp32.lib /MANIFEST /ManifestFile:"Debug\ImageSigner.exe.intermediate.manifest" /MANIFESTUAC:"level='asInvoker' uiAccess='false'" /DEBUG /PDB:"H:\Project\Win\C++\ImageSigner\ImageSigner\Win32\Debug\ImageSigner.pdb" /SUBSYSTEM:WINDOWS /TLBID:1 /DYNAMICBASE /NXCOMPAT /IMPLIB:"H:\Project\Win\C++\ImageSigner\ImageSigner\Win32\Debug\ImageSigner.lib" /MACHINE:X86 Debug\moc_imagesigner.obj
         Debug\qrc_imagesigner.obj
         Debug\imagesigner.obj
         Debug\main.obj
         Debug\Pt_FFT.obj
         LINK : 没有找到 H:\Project\Win\C++\ImageSigner\ImageSigner\Win32\Debug\\ImageSigner.exe 或上一个增量链接没有生成它；正在执行完全链接
         ImageSigner.vcxproj -> H:\Project\Win\C++\ImageSigner\ImageSigner\Win32\Debug\ImageSigner.exe
       Manifest:
         C:\Program Files (x86)\Microsoft SDKs\Windows\v7.0A\bin\mt.exe /nologo /verbose /outputresource:"H:\Project\Win\C++\ImageSigner\ImageSigner\Win32\Debug\\ImageSigner.exe;#1" /manifest Debug\ImageSigner.exe.intermediate.manifest
       FinalizeBuildStatus:
         正在删除文件“Debug\ImageSigner.unsuccessfulbuild”。
         正在对“Debug\ImageSigner.lastbuildstate”执行 Touch 任务。
     1>已完成生成项目“H:\Project\Win\C++\ImageSigner\ImageSigner\ImageSigner\ImageSigner.vcxproj”(build 个目标)的操作。

生成成功。

已用时间 00:00:01.25
