D:\IMAGESIGNER\IMAGESIGNER\GENERATEDFILES\QRC_IMAGESIGNER.CPP
D:\IMAGESIGNER\IMAGESIGNER\GENERATEDFILES\RELEASE\MOC_IMAGESIGNER.CPP
D:\IMAGESIGNER\IMAGESIGNER\GENERATEDFILES\UI_ABOUT.H
D:\IMAGESIGNER\IMAGESIGNER\GENERATEDFILES\UI_IMAGESIGNER.H
D:\IMAGESIGNER\IMAGESIGNER\RELEASE\IMAGESIGNER.EXE.INTERMEDIATE.MANIFEST
D:\IMAGESIGNER\IMAGESIGNER\RELEASE\IMAGESIGNER.OBJ
D:\IMAGESIGNER\IMAGESIGNER\RELEASE\MAIN.OBJ
D:\IMAGESIGNER\IMAGESIGNER\RELEASE\MOC_IMAGESIGNER.OBJ
D:\IMAGESIGNER\IMAGESIGNER\RELEASE\PT_FFT.OBJ
D:\IMAGESIGNER\IMAGESIGNER\RELEASE\QRC_IMAGESIGNER.OBJ
D:\IMAGESIGNER\WIN32\RELEASE\IMAGESIGNER.EXE
H:\Project\Win\C++\ImageSigner\ImageSigner\ImageSigner\Release\cl.command.1.tlog
H:\Project\Win\C++\ImageSigner\ImageSigner\ImageSigner\Release\CL.read.1.tlog
H:\Project\Win\C++\ImageSigner\ImageSigner\ImageSigner\Release\CL.write.1.tlog
H:\Project\Win\C++\ImageSigner\ImageSigner\ImageSigner\Release\custombuild.command.1.tlog
H:\Project\Win\C++\ImageSigner\ImageSigner\ImageSigner\Release\custombuild.read.1.tlog
H:\Project\Win\C++\ImageSigner\ImageSigner\ImageSigner\Release\custombuild.write.1.tlog
H:\Project\Win\C++\ImageSigner\ImageSigner\ImageSigner\Release\ImageSigner.exe.intermediate.manifest
H:\Project\Win\C++\ImageSigner\ImageSigner\ImageSigner\Release\imagesigner.obj
H:\Project\Win\C++\ImageSigner\ImageSigner\ImageSigner\Release\ImageSigner.vcxprojResolveAssemblyReference.cache
H:\Project\Win\C++\ImageSigner\ImageSigner\ImageSigner\Release\ImageSigner.write.1.tlog
H:\Project\Win\C++\ImageSigner\ImageSigner\ImageSigner\Release\link.command.1.tlog
H:\Project\Win\C++\ImageSigner\ImageSigner\ImageSigner\Release\link.read.1.tlog
H:\Project\Win\C++\ImageSigner\ImageSigner\ImageSigner\Release\link.write.1.tlog
H:\Project\Win\C++\ImageSigner\ImageSigner\ImageSigner\Release\main.obj
H:\Project\Win\C++\ImageSigner\ImageSigner\ImageSigner\Release\moc_imagesigner.obj
H:\Project\Win\C++\ImageSigner\ImageSigner\ImageSigner\Release\mt.command.1.tlog
H:\Project\Win\C++\ImageSigner\ImageSigner\ImageSigner\Release\mt.read.1.tlog
H:\Project\Win\C++\ImageSigner\ImageSigner\ImageSigner\Release\mt.write.1.tlog
H:\Project\Win\C++\ImageSigner\ImageSigner\ImageSigner\Release\Pt_FFT.obj
H:\Project\Win\C++\ImageSigner\ImageSigner\ImageSigner\Release\qrc_imagesigner.obj
H:\Project\Win\C++\ImageSigner\ImageSigner\Win32\Release\ImageSigner.exe
